Performing C SOURCE FILE Test CMAKE_HAVE_LIBC_PTHREAD failed with the following output:
Change Dir: /clean_SemSLAM/semantic_slam/build/CMakeFiles/CMakeTmp

Run Build Command(s):/usr/bin/make cmTC_19529/fast && /usr/bin/make -f CMakeFiles/cmTC_19529.dir/build.make CMakeFiles/cmTC_19529.dir/build
make[1]: Entering directory '/clean_SemSLAM/semantic_slam/build/CMakeFiles/CMakeTmp'
Building C object CMakeFiles/cmTC_19529.dir/src.c.o
/usr/bin/cc   -DCMAKE_HAVE_LIBC_PTHREAD   -o CMakeFiles/cmTC_19529.dir/src.c.o   -c /clean_SemSLAM/semantic_slam/build/CMakeFiles/CMakeTmp/src.c
Linking C executable cmTC_19529
/usr/bin/cmake -E cmake_link_script CMakeFiles/cmTC_19529.dir/link.txt --verbose=1
/usr/bin/cc  -DCMAKE_HAVE_LIBC_PTHREAD    -rdynamic CMakeFiles/cmTC_19529.dir/src.c.o  -o cmTC_19529 
/usr/bin/ld: CMakeFiles/cmTC_19529.dir/src.c.o: in function `main':
src.c:(.text+0x46): undefined reference to `pthread_create'
/usr/bin/ld: src.c:(.text+0x52): undefined reference to `pthread_detach'
/usr/bin/ld: src.c:(.text+0x63): undefined reference to `pthread_join'
collect2: error: ld returned 1 exit status
make[1]: *** [CMakeFiles/cmTC_19529.dir/build.make:87: cmTC_19529] Error 1
make[1]: Leaving directory '/clean_SemSLAM/semantic_slam/build/CMakeFiles/CMakeTmp'
make: *** [Makefile:121: cmTC_19529/fast] Error 2


Source file was:
#include <pthread.h>

void* test_func(void* data)
{
  return data;
}

int main(void)
{
  pthread_t thread;
  pthread_create(&thread, NULL, test_func, NULL);
  pthread_detach(thread);
  pthread_join(thread, NULL);
  pthread_atfork(NULL, NULL, NULL);
  pthread_exit(NULL);

  return 0;
}

Determining if the function pthread_create exists in the pthreads failed with the following output:
Change Dir: /clean_SemSLAM/semantic_slam/build/CMakeFiles/CMakeTmp

Run Build Command(s):/usr/bin/make cmTC_04d56/fast && /usr/bin/make -f CMakeFiles/cmTC_04d56.dir/build.make CMakeFiles/cmTC_04d56.dir/build
make[1]: Entering directory '/clean_SemSLAM/semantic_slam/build/CMakeFiles/CMakeTmp'
Building C object CMakeFiles/cmTC_04d56.dir/CheckFunctionExists.c.o
/usr/bin/cc   -DCHECK_FUNCTION_EXISTS=pthread_create   -o CMakeFiles/cmTC_04d56.dir/CheckFunctionExists.c.o   -c /usr/share/cmake-3.16/Modules/CheckFunctionExists.c
Linking C executable cmTC_04d56
/usr/bin/cmake -E cmake_link_script CMakeFiles/cmTC_04d56.dir/link.txt --verbose=1
/usr/bin/cc  -DCHECK_FUNCTION_EXISTS=pthread_create    -rdynamic CMakeFiles/cmTC_04d56.dir/CheckFunctionExists.c.o  -o cmTC_04d56  -lpthreads 
/usr/bin/ld: cannot find -lpthreads
collect2: error: ld returned 1 exit status
make[1]: *** [CMakeFiles/cmTC_04d56.dir/build.make:87: cmTC_04d56] Error 1
make[1]: Leaving directory '/clean_SemSLAM/semantic_slam/build/CMakeFiles/CMakeTmp'
make: *** [Makefile:121: cmTC_04d56/fast] Error 2



Determining if the function sgemm_ exists failed with the following output:
Change Dir: /clean_SemSLAM/semantic_slam/build/CMakeFiles/CMakeTmp

Run Build Command(s):/usr/bin/make cmTC_ef2b3/fast && /usr/bin/make -f CMakeFiles/cmTC_ef2b3.dir/build.make CMakeFiles/cmTC_ef2b3.dir/build
make[1]: Entering directory '/clean_SemSLAM/semantic_slam/build/CMakeFiles/CMakeTmp'
Building C object CMakeFiles/cmTC_ef2b3.dir/CheckFunctionExists.c.o
/usr/bin/cc   -DCHECK_FUNCTION_EXISTS=sgemm_   -o CMakeFiles/cmTC_ef2b3.dir/CheckFunctionExists.c.o   -c /usr/share/cmake-3.16/Modules/CheckFunctionExists.c
Linking C executable cmTC_ef2b3
/usr/bin/cmake -E cmake_link_script CMakeFiles/cmTC_ef2b3.dir/link.txt --verbose=1
/usr/bin/cc  -DCHECK_FUNCTION_EXISTS=sgemm_    -rdynamic CMakeFiles/cmTC_ef2b3.dir/CheckFunctionExists.c.o  -o cmTC_ef2b3 
/usr/bin/ld: CMakeFiles/cmTC_ef2b3.dir/CheckFunctionExists.c.o: in function `main':
CheckFunctionExists.c:(.text+0x14): undefined reference to `sgemm_'
collect2: error: ld returned 1 exit status
make[1]: *** [CMakeFiles/cmTC_ef2b3.dir/build.make:87: cmTC_ef2b3] Error 1
make[1]: Leaving directory '/clean_SemSLAM/semantic_slam/build/CMakeFiles/CMakeTmp'
make: *** [Makefile:121: cmTC_ef2b3/fast] Error 2



Determining if the function cheev_ exists failed with the following output:
Change Dir: /clean_SemSLAM/semantic_slam/build/CMakeFiles/CMakeTmp

Run Build Command(s):/usr/bin/make cmTC_f1263/fast && /usr/bin/make -f CMakeFiles/cmTC_f1263.dir/build.make CMakeFiles/cmTC_f1263.dir/build
make[1]: Entering directory '/clean_SemSLAM/semantic_slam/build/CMakeFiles/CMakeTmp'
Building C object CMakeFiles/cmTC_f1263.dir/CheckFunctionExists.c.o
/usr/bin/cc   -DCHECK_FUNCTION_EXISTS=cheev_   -o CMakeFiles/cmTC_f1263.dir/CheckFunctionExists.c.o   -c /usr/share/cmake-3.16/Modules/CheckFunctionExists.c
Linking C executable cmTC_f1263
/usr/bin/cmake -E cmake_link_script CMakeFiles/cmTC_f1263.dir/link.txt --verbose=1
/usr/bin/cc  -DCHECK_FUNCTION_EXISTS=cheev_    -rdynamic CMakeFiles/cmTC_f1263.dir/CheckFunctionExists.c.o  -o cmTC_f1263  /usr/lib/x86_64-linux-gnu/libf77blas.so /usr/lib/x86_64-linux-gnu/libatlas.so 
/usr/bin/ld: CMakeFiles/cmTC_f1263.dir/CheckFunctionExists.c.o: in function `main':
CheckFunctionExists.c:(.text+0x14): undefined reference to `cheev_'
collect2: error: ld returned 1 exit status
make[1]: *** [CMakeFiles/cmTC_f1263.dir/build.make:89: cmTC_f1263] Error 1
make[1]: Leaving directory '/clean_SemSLAM/semantic_slam/build/CMakeFiles/CMakeTmp'
make: *** [Makefile:121: cmTC_f1263/fast] Error 2



